[debug] [2019-09-25T04:11:21.058Z] ----------------------------------------------------------------------
[debug] [2019-09-25T04:11:21.061Z] Command:       C:\Program Files\nodejs\node.exe C:\Users\ferar\AppData\Roaming\npm\node_modules\firebase-tools\lib\bin\firebase.js serve
[debug] [2019-09-25T04:11:21.061Z] CLI Version:   7.3.2
[debug] [2019-09-25T04:11:21.062Z] Platform:      win32
[debug] [2019-09-25T04:11:21.062Z] Node Version:  v10.16.3
[debug] [2019-09-25T04:11:21.063Z] Time:          Tue Sep 24 2019 23:11:21 GMT-0500 (GMT-05:00)
[debug] [2019-09-25T04:11:21.063Z] ----------------------------------------------------------------------
[debug] 
[debug] [2019-09-25T04:11:21.135Z] > command requires scopes: ["email","openid","https://www.googleapis.com/auth/cloudplatformprojects.readonly","https://www.googleapis.com/auth/firebase","https://www.googleapis.com/auth/cloud-platform"]
[debug] [2019-09-25T04:11:21.144Z] > authorizing via signed-in user
[debug] [2019-09-25T04:11:21.145Z] [iam] checking project proyectoalpha-1dbc8 for permissions ["firebase.projects.get"]
[debug] [2019-09-25T04:11:21.149Z] > refreshing access token with scopes: ["email","https://www.googleapis.com/auth/cloud-platform","https://www.googleapis.com/auth/cloudplatformprojects.readonly","https://www.googleapis.com/auth/firebase","openid"]
[debug] [2019-09-25T04:11:21.149Z] >>> HTTP REQUEST POST https://www.googleapis.com/oauth2/v3/token  
 <request body omitted>
[debug] [2019-09-25T04:11:21.514Z] <<< HTTP RESPONSE 200
[debug] [2019-09-25T04:11:21.584Z] >>> HTTP REQUEST POST https://cloudresourcemanager.googleapis.com/v1/projects/proyectoalpha-1dbc8:testIamPermissions  

[debug] [2019-09-25T04:11:21.973Z] <<< HTTP RESPONSE 200
[debug] [2019-09-25T04:11:21.974Z] >>> HTTP REQUEST GET https://firebase.googleapis.com/v1beta1/projects/proyectoalpha-1dbc8  
 
[debug] [2019-09-25T04:11:22.937Z] <<< HTTP RESPONSE 200
[info] 
[info] === Serving from 'C:\Users\ferar\Documents\ProyectoAlpha'...
[info] 
[debug] [2019-09-25T04:11:22.940Z] >>> HTTP REQUEST GET https://firebase.googleapis.com/v1beta1/projects/proyectoalpha-1dbc8/webApps/-/config  
 
[debug] [2019-09-25T04:11:23.391Z] <<< HTTP RESPONSE 200
[info] i  hosting: Serving hosting files from: public
[info] +  hosting: Local server: http://localhost:5000
